
Showing logs for build [32mcb-kubecd-environment-pr-191-33-r8x9g-1[0m stage [32mfrom-build-pack[0m and container [32mstep-credential-initializer-rr9c9[0m
{"level":"warn","ts":1585334404.9348705,"logger":"fallback-logger","caller":"logging/config.go:69","msg":"Fetch GitHub commit ID from kodata failed: \"ref: refs/heads/0.8.0-**-support-backwards-incompats\" is not a valid GitHub commit ID"}
{"level":"info","ts":1585334404.9354422,"logger":"fallback-logger","caller":"creds-init/main.go:40","msg":"Credentials initialized."}

Showing logs for build [32mcb-kubecd-environment-pr-191-33-r8x9g-1[0m stage [32mfrom-build-pack[0m and container [32mstep-working-dir-initializer-rhrf7[0m
{"level":"warn","ts":1585334406.5101416,"logger":"fallback-logger","caller":"logging/config.go:69","msg":"Fetch GitHub commit ID from kodata failed: open /var/run/ko/HEAD: no such file or directory"}
{"level":"info","ts":1585334406.512388,"logger":"fallback-logger","caller":"bash/main.go:64","msg":"Successfully executed command \"sh -c mkdir -p /workspace/source\"; output "}

Showing logs for build [32mcb-kubecd-environment-pr-191-33-r8x9g-1[0m stage [32mfrom-build-pack[0m and container [32mstep-place-tools[0m

Showing logs for build [32mcb-kubecd-environment-pr-191-33-r8x9g-1[0m stage [32mfrom-build-pack[0m and container [32mstep-git-source-cb-kubecd-environment-pr-191-33-r8x9g-dn5ll[0m
{"level":"warn","ts":1585334409.5838192,"logger":"fallback-logger","caller":"logging/config.go:69","msg":"Fetch GitHub commit ID from kodata failed: \"ref: refs/heads/0.8.0-**-support-backwards-incompats\" is not a valid GitHub commit ID"}
{"level":"info","ts":1585334410.7224617,"logger":"fallback-logger","caller":"git/git.go:103","msg":"Successfully cloned https://github.com/cb-kubecd/environment-pr-191-33-boot-gke-production.git @ master in path /workspace/source"}

Showing logs for build [32mcb-kubecd-environment-pr-191-33-r8x9g-1[0m stage [32mfrom-build-pack[0m and container [32mstep-git-merge[0m
Using SHAs from PULL_REFS=master:5f1ca36c1d69e605abca9263c4cdc6e3945d369b,1:f7471782bcaafc84e5574fdcc3d8ed9ae905d5b4
DEBUG: LC_ALL=C JX_LOG_LEVEL=error git fetch origin --unshallow f7471782bcaafc84e5574fdcc3d8ed9ae905d5b4: 5f1ca36c1d69e605abca9263c4cdc6e3945d369b:
DEBUG: ran git fetch --unshallow origin f7471782bcaafc84e5574fdcc3d8ed9ae905d5b4: 5f1ca36c1d69e605abca9263c4cdc6e3945d369b: in 
DEBUG: LC_ALL=C JX_LOG_LEVEL=error git branch
DEBUG: JX_LOG_LEVEL=error LC_ALL=C git checkout master
DEBUG: ran git checkout master in 
DEBUG: LC_ALL=C JX_LOG_LEVEL=error git reset --hard 5f1ca36c1d69e605abca9263c4cdc6e3945d369b
DEBUG: ran git reset --hard 5f1ca36c1d69e605abca9263c4cdc6e3945d369b in 
DEBUG: LC_ALL=C JX_LOG_LEVEL=error git clean -fd .
DEBUG: ran clean --force -d . in 
DEBUG: LC_ALL=C JX_LOG_LEVEL=error git merge f7471782bcaafc84e5574fdcc3d8ed9ae905d5b4
DEBUG: ran git merge f7471782bcaafc84e5574fdcc3d8ed9ae905d5b4 in 
DEBUG: LC_ALL=C JX_LOG_LEVEL=error git log --format=%H%x1f%an%x1f%ae%x1f%cn%x1f%ce%x1f%s%n%b%x1e 5f1ca36c1d69e605abca9263c4cdc6e3945d369b..HEAD
Merged SHA f7471782bcaafc84e5574fdcc3d8ed9ae905d5b4 with commit message 'chore: Promote bdd-spring-1585333481 to version 0.0.1' into base branch master

Showing logs for build [32mcb-kubecd-environment-pr-191-33-r8x9g-1[0m stage [32mfrom-build-pack[0m and container [32mstep-build-helm-build[0m
WARNING: No $CHART_REPOSITORY defined so using the default value of: http://jenkins-x-chartmuseum:8080
Adding missing Helm repo: storage.googleapis.com https://storage.googleapis.com/chartmuseum.jenkins-x.io
WARNING: No secrets found on "helm/repos" due: reading the secret "helm/repos" from vault: no secret "helm/repos" not found in vault
Read credentials for https://storage.googleapis.com/chartmuseum.jenkins-x.io from vault helm/repos
Successfully added Helm repository storage.googleapis.com.
Adding missing Helm repo: jenkins-x-chartmuseum http://jenkins-x-chartmuseum:8080
WARNING: No secrets found on "helm/repos" due: reading the secret "helm/repos" from vault: no secret "helm/repos" not found in vault
Read credentials for http://jenkins-x-chartmuseum:8080 from vault helm/repos
Successfully added Helm repository jenkins-x-chartmuseum.
WARNING: No $CHART_REPOSITORY defined so using the default value of: http://jenkins-x-chartmuseum:8080
Adding missing Helm repo: chartmuseum.jenkins-x.io http://chartmuseum.jenkins-x.io
WARNING: No secrets found on "helm/repos" due: reading the secret "helm/repos" from vault: no secret "helm/repos" not found in vault
Read credentials for http://chartmuseum.jenkins-x.io from vault helm/repos
Successfully added Helm repository chartmuseum.jenkins-x.io.
